<?xml version="1.0" encoding="UTF-8"?>
<!-- Generated by org.testng.reporters.JUnitReportReporter -->
<testsuite hostname="LAPTOP-6BLT8BB7" failures="0" tests="1" name="Database_test.Arunkumar_N_Details" time="0.048" errors="0" timestamp="2025-03-31T21:58:43 IST" skipped="0">
  <testcase classname="Database_test.Arunkumar_N_Details" name="testFetchAndValidateEmployeeDetails" time="0.048"/>
  <system-out/>
</testsuite> <!-- Database_test.Arunkumar_N_Details -->
